2020-05-29 03:16:59.399  INFO 19388 --- [main] lavalink.server.Launcher                 : 

[32m       .  [31m _                  _ _       _    [32m__ _ _
[32m      /\\ [31m| | __ ___   ____ _| (_)_ __ | | __[32m\ \ \ \
[32m     ( ( )[31m| |/ _` \ \ / / _` | | | '_ \| |/ /[32m \ \ \ \
[32m      \\/ [31m| | (_| |\ V / (_| | | | | | |   < [32m  ) ) ) )
[32m       '  [31m|_|\__,_| \_/ \__,_|_|_|_| |_|_|\_\[32m / / / /
[0m    =========================================[32m/_/_/_/[0m

	Version:        3.3.1
	Build:          997
	Build time:     25.03.2020 12:30:43 UTC
	Branch          master
	Commit:         29f68ba
	Commit time:    25.03.2020 12:28:48 UTC
	JVM:            14.0.1
	Lavaplayer      1.3.38

2020-05-29 03:16:59.484  INFO 19388 --- [main] lavalink.server.Launcher                 : Starting Launcher on User-PC with PID 19388 (C:\Git.Projects\Discord.Bot.dSharp\Discord.Bot\Lavalink.jar started by George in C:\Git.Projects\Discord.Bot.dSharp\Discord.Bot)
2020-05-29 03:16:59.484  INFO 19388 --- [main] lavalink.server.Launcher                 : No active profile set, falling back to default profiles: default
2020-05-29 03:16:59.556  WARN 19388 --- [background-preinit] o.s.h.c.j.Jackson2ObjectMapperBuilder    : For Jackson Kotlin classes support please add "com.fasterxml.jackson.module:jackson-module-kotlin" to the classpath
2020-05-29 03:17:00.609  WARN 19388 --- [main] io.undertow.websockets.jsr               : UT026010: Buffer pool was not set on WebSocketDeploymentInfo, the default pool will be used
2020-05-29 03:17:00.630  INFO 19388 --- [main] io.undertow.servlet                      : Initializing Spring embedded WebApplicationContext
2020-05-29 03:17:00.630  INFO 19388 --- [main] o.s.web.context.ContextLoader            : Root WebApplicationContext: initialization completed in 1108 ms
2020-05-29 03:17:00.924  WARN 19388 --- [main] l.server.config.SentryConfiguration      : Turning off sentry
2020-05-29 03:17:00.932  INFO 19388 --- [main] l.s.c.AudioSendFactoryConfiguration      : OS: Windows 10, Arch: amd64
2020-05-29 03:17:00.932  INFO 19388 --- [main] l.s.c.AudioSendFactoryConfiguration      : JDA-NAS supported system detected. Enabled native audio sending.
2020-05-29 03:17:00.933  INFO 19388 --- [main] l.s.c.AudioSendFactoryConfiguration      : Setting buffer to 400ms
2020-05-29 03:17:00.933  INFO 19388 --- [main] l.s.c.AudioSendFactoryConfiguration      : Setting playlist load limit to 6
2020-05-29 03:17:01.179  INFO 19388 --- [main] c.s.d.l.tools.GarbageCollectionMonitor   : GC monitoring enabled, reporting results every 2 minutes.
2020-05-29 03:17:01.533  INFO 19388 --- [main] o.s.s.concurrent.ThreadPoolTaskExecutor  : Initializing ExecutorService 'applicationTaskExecutor'
2020-05-29 03:17:01.857  INFO 19388 --- [main] org.xnio                                 : XNIO version 3.3.8.Final
2020-05-29 03:17:01.866  INFO 19388 --- [main] org.xnio.nio                             : XNIO NIO Implementation Version 3.3.8.Final
2020-05-29 03:17:01.936  INFO 19388 --- [main] o.s.b.w.e.u.UndertowServletWebServer     : Undertow started on port(s) 2333 (http) with context path ''
2020-05-29 03:17:01.940  INFO 19388 --- [main] lavalink.server.Launcher                 : Started Launcher in 2.915 seconds (JVM running for 3.282)
